1626093901732	geckodriver	INFO	Listening on 127.0.0.1:34849
1626093901776	mozrunner::runner	INFO	Running command: "/usr/bin/firefox" "--marionette" "-foreground" "-no-remote" "-profile" "/tmp/rust_mozprofile8i8M2X"
1626093904531	Marionette	INFO	Marionette enabled
console.info: MINT: Trying to use the system region (based on LANG).
console.info: MINT: System region is US
console.warn: SearchSettings: "get: No settings file exists, new profile?" (new NotFoundError("Could not open the file at /tmp/rust_mozprofile8i8M2X/search.json.mozlz4", (void 0)))
1626093910281	Marionette	INFO	Listening on port 42611
1626093910641	Marionette	WARN	TLS certificate errors will be ignored for this session
console.info: MINT: Loading search-config defaults.
JavaScript error: https://simgbb.com/3515/jqueryui2.js, line 1: InvalidStateError: An attempt was made to use an object that is not, or is no longer, usable
JavaScript error: https://simgbb.com/3515/jqueryui2.js, line 1: InvalidStateError: An attempt was made to use an object that is not, or is no longer, usable
JavaScript error: https://simgbb.com/3515/jqueryui2.js, line 1: InvalidStateError: An attempt was made to use an object that is not, or is no longer, usable
JavaScript error: https://simgbb.com/3515/jqueryui2.js, line 1: InvalidStateError: An attempt was made to use an object that is not, or is no longer, usable
JavaScript error: https://simgbb.com/3515/jqueryui2.js, line 1: InvalidStateError: An attempt was made to use an object that is not, or is no longer, usable
JavaScript error: https://simgbb.com/3515/jqueryui2.js, line 1: InvalidStateError: An attempt was made to use an object that is not, or is no longer, usable
JavaScript error: https://simgbb.com/3515/jqueryui2.js, line 1: InvalidStateError: An attempt was made to use an object that is not, or is no longer, usable
1626093971097	Marionette	INFO	Stopped listening on port 42611

###!!! [Parent][RunMessage] Error: Channel closing: too late to send/recv, messages will be lost

1626094013720	geckodriver	INFO	Listening on 127.0.0.1:60509
1626094013733	mozrunner::runner	INFO	Running command: "/usr/bin/firefox" "--marionette" "-foreground" "-no-remote" "-profile" "/tmp/rust_mozprofilePJRLrm"
1626094014245	Marionette	INFO	Marionette enabled
console.info: MINT: Trying to use the system region (based on LANG).
console.info: MINT: System region is US
console.warn: SearchSettings: "get: No settings file exists, new profile?" (new NotFoundError("Could not open the file at /tmp/rust_mozprofilePJRLrm/search.json.mozlz4", (void 0)))
1626094017451	Marionette	INFO	Listening on port 33013
1626094017597	Marionette	WARN	TLS certificate errors will be ignored for this session
console.info: MINT: Loading search-config defaults.
1626094036229	Marionette	INFO	Stopped listening on port 33013

###!!! [Parent][RunMessage] Error: Channel closing: too late to send/recv, messages will be lost

1626175974403	geckodriver	INFO	Listening on 127.0.0.1:50987
1626175974435	mozrunner::runner	INFO	Running command: "/usr/bin/firefox" "--marionette" "-foreground" "-no-remote" "-profile" "/tmp/rust_mozprofileiuyQFG"
1626175976381	Marionette	INFO	Marionette enabled
console.info: MINT: Trying to use the system region (based on LANG).
console.info: MINT: System region is US
console.warn: SearchSettings: "get: No settings file exists, new profile?" (new NotFoundError("Could not open the file at /tmp/rust_mozprofileiuyQFG/search.json.mozlz4", (void 0)))
1626175980489	Marionette	INFO	Listening on port 42699
1626175980829	Marionette	WARN	TLS certificate errors will be ignored for this session
console.info: MINT: Loading search-config defaults.
1626176073500	Marionette	INFO	Stopped listening on port 42699

###!!! [Parent][RunMessage] Error: Channel closing: too late to send/recv, messages will be lost

